# JRE version: Java(TM) SE Runtime Environment (17.0+35) (build 17+35-LTS-2724)
# Java VM: Java HotSpot(TM) 64-Bit Server VM (17+35-LTS-2724, mixed mode, sharing, tiered, compressed oops, compressed class ptrs, g1 gc, windows-amd64)
GC Precious Log:
 CPUs: 8 total, 8 available
 Memory: 40743M
 Large Page Support: Disabled
 NUMA Support: Disabled
 Compressed Oops: Enabled (Zero based)
 Heap Region Size: 8M
 Heap Min Capacity: 8M
 Heap Initial Capacity: 640M
 Heap Max Capacity: 10192M
 Pre-touch: Disabled
 Parallel Workers: 8
 Concurrent Workers: 2
 Concurrent Refinement Workers: 8
 Periodic GC: Disabled
Heap:
 garbage-first heap   total 114688K, used 28134K [0x0000000583000000, 0x0000000800000000)
  region size 8192K, 2 young (16384K), 1 survivors (8192K)
 Metaspace       used 43526K, committed 44032K, reserved 1089536K
  class space    used 5552K, committed 5760K, reserved 1048576K
GC Heap History (20 events):
Event: 1.263 GC heap before
{Heap before GC invocations=1 (full 0):
 garbage-first heap   total 655360K, used 30608K [0x0000000583000000, 0x0000000800000000)
  region size 8192K, 4 young (32768K), 1 survivors (8192K)
 Metaspace       used 6813K, committed 6976K, reserved 1056768K
  class space    used 818K, committed 896K, reserved 1048576K
}
Event: 1.268 GC heap after
{Heap after GC invocations=2 (full 0):
 garbage-first heap   total 655360K, used 7004K [0x0000000583000000, 0x0000000800000000)
  region size 8192K, 1 young (8192K), 1 survivors (8192K)
 Metaspace       used 6813K, committed 6976K, reserved 1056768K
  class space    used 818K, committed 896K, reserved 1048576K
}
Event: 2.960 GC heap before
{Heap before GC invocations=2 (full 0):
 garbage-first heap   total 655360K, used 64348K [0x0000000583000000, 0x0000000800000000)
  region size 8192K, 8 young (65536K), 1 survivors (8192K)
 Metaspace       used 18000K, committed 18304K, reserved 1073152K
  class space    used 2232K, committed 2368K, reserved 1048576K
}
Event: 2.967 GC heap after
{Heap after GC invocations=3 (full 0):
 garbage-first heap   total 655360K, used 11868K [0x0000000583000000, 0x0000000800000000)
  region size 8192K, 1 young (8192K), 1 survivors (8192K)
 Metaspace       used 18000K, committed 18304K, reserved 1073152K
  class space    used 2232K, committed 2368K, reserved 1048576K
}
Event: 4.551 GC heap before
{Heap before GC invocations=3 (full 0):
 garbage-first heap   total 655360K, used 52828K [0x0000000583000000, 0x0000000800000000)
  region size 8192K, 7 young (57344K), 1 survivors (8192K)
 Metaspace       used 21231K, committed 21504K, reserved 1073152K
  class space    used 2656K, committed 2816K, reserved 1048576K
}
Event: 4.559 GC heap after
{Heap after GC invocations=4 (full 0):
 garbage-first heap   total 655360K, used 14003K [0x0000000583000000, 0x0000000800000000)
  region size 8192K, 1 young (8192K), 1 survivors (8192K)
 Metaspace       used 21231K, committed 21504K, reserved 1073152K
  class space    used 2656K, committed 2816K, reserved 1048576K
}
Event: 5.949 GC heap before
{Heap before GC invocations=5 (full 0):
 garbage-first heap   total 81920K, used 54963K [0x0000000583000000, 0x0000000800000000)
  region size 8192K, 6 young (49152K), 1 survivors (8192K)
 Metaspace       used 26258K, committed 26688K, reserved 1073152K
  class space    used 3337K, committed 3520K, reserved 1048576K
}
Event: 5.959 GC heap after
{Heap after GC invocations=6 (full 0):
 garbage-first heap   total 81920K, used 17737K [0x0000000583000000, 0x0000000800000000)
  region size 8192K, 1 young (8192K), 1 survivors (8192K)
 Metaspace       used 26258K, committed 26688K, reserved 1073152K
  class space    used 3337K, committed 3520K, reserved 1048576K
}
Event: 5.966 GC heap before
{Heap before GC invocations=6 (full 0):
 garbage-first heap   total 81920K, used 17737K [0x0000000583000000, 0x0000000800000000)
  region size 8192K, 2 young (16384K), 1 survivors (8192K)
 Metaspace       used 26258K, committed 26688K, reserved 1073152K
  class space    used 3337K, committed 3520K, reserved 1048576K
}
Event: 5.977 GC heap after
{Heap after GC invocations=7 (full 0):
 garbage-first heap   total 81920K, used 17646K [0x0000000583000000, 0x0000000800000000)
  region size 8192K, 1 young (8192K), 1 survivors (8192K)
 Metaspace       used 26258K, committed 26688K, reserved 1073152K
  class space    used 3337K, committed 3520K, reserved 1048576K
}
Event: 6.398 GC heap before
{Heap before GC invocations=7 (full 0):
 garbage-first heap   total 81920K, used 50414K [0x0000000583000000, 0x0000000800000000)
  region size 8192K, 5 young (40960K), 1 survivors (8192K)
 Metaspace       used 28151K, committed 28608K, reserved 1081344K
  class space    used 3526K, committed 3776K, reserved 1048576K
}
Event: 6.404 GC heap after
{Heap after GC invocations=8 (full 0):
 garbage-first heap   total 81920K, used 19746K [0x0000000583000000, 0x0000000800000000)
  region size 8192K, 1 young (8192K), 1 survivors (8192K)
 Metaspace       used 28151K, committed 28608K, reserved 1081344K
  class space    used 3526K, committed 3776K, reserved 1048576K
}
Event: 8.116 GC heap before
{Heap before GC invocations=8 (full 0):
 garbage-first heap   total 81920K, used 52514K [0x0000000583000000, 0x0000000800000000)
  region size 8192K, 5 young (40960K), 1 survivors (8192K)
 Metaspace       used 31232K, committed 31680K, reserved 1081344K
  class space    used 3971K, committed 4160K, reserved 1048576K
}
Event: 8.126 GC heap after
{Heap after GC invocations=9 (full 0):
 garbage-first heap   total 368640K, used 22595K [0x0000000583000000, 0x0000000800000000)
  region size 8192K, 1 young (8192K), 1 survivors (8192K)
 Metaspace       used 31232K, committed 31680K, reserved 1081344K
  class space    used 3971K, committed 4160K, reserved 1048576K
}
Event: 10.379 GC heap before
{Heap before GC invocations=9 (full 0):
 garbage-first heap   total 368640K, used 63555K [0x0000000583000000, 0x0000000800000000)
  region size 8192K, 7 young (57344K), 1 survivors (8192K)
 Metaspace       used 35592K, committed 35968K, reserved 1081344K
  class space    used 4614K, committed 4800K, reserved 1048576K
}
Event: 10.387 GC heap after
{Heap after GC invocations=10 (full 0):
 garbage-first heap   total 368640K, used 24366K [0x0000000583000000, 0x0000000800000000)
  region size 8192K, 1 young (8192K), 1 survivors (8192K)
 Metaspace       used 35592K, committed 35968K, reserved 1081344K
  class space    used 4614K, committed 4800K, reserved 1048576K
}
Event: 41.286 GC heap before
{Heap before GC invocations=11 (full 0):
 garbage-first heap   total 114688K, used 81710K [0x0000000583000000, 0x0000000800000000)
  region size 8192K, 8 young (65536K), 1 survivors (8192K)
 Metaspace       used 42545K, committed 43072K, reserved 1089536K
  class space    used 5518K, committed 5760K, reserved 1048576K
}
Event: 41.296 GC heap after
{Heap after GC invocations=12 (full 0):
 garbage-first heap   total 114688K, used 28001K [0x0000000583000000, 0x0000000800000000)
  region size 8192K, 1 young (8192K), 1 survivors (8192K)
 Metaspace       used 42545K, committed 43072K, reserved 1089536K
  class space    used 5518K, committed 5760K, reserved 1048576K
}
Event: 1152.237 GC heap before
{Heap before GC invocations=13 (full 0):
 garbage-first heap   total 114688K, used 77153K [0x0000000583000000, 0x0000000800000000)
  region size 8192K, 7 young (57344K), 1 survivors (8192K)
 Metaspace       used 43476K, committed 43968K, reserved 1089536K
  class space    used 5551K, committed 5760K, reserved 1048576K
}
Event: 1152.248 GC heap after
{Heap after GC invocations=14 (full 0):
 garbage-first heap   total 114688K, used 28134K [0x0000000583000000, 0x0000000800000000)
  region size 8192K, 1 young (8192K), 1 survivors (8192K)
 Metaspace       used 43476K, committed 43968K, reserved 1089536K
  class space    used 5551K, committed 5760K, reserved 1048576K
}

