# JRE version: Java(TM) SE Runtime Environment (17.0+35) (build 17+35-LTS-2724)
# Java VM: Java HotSpot(TM) 64-Bit Server VM (17+35-LTS-2724, mixed mode, sharing, tiered, compressed oops, compressed class ptrs, g1 gc, windows-amd64)
GC Precious Log:
 CPUs: 8 total, 8 available
 Memory: 40743M
 Large Page Support: Disabled
 NUMA Support: Disabled
 Compressed Oops: Enabled (Zero based)
 Heap Region Size: 8M
 Heap Min Capacity: 8M
 Heap Initial Capacity: 640M
 Heap Max Capacity: 10192M
 Pre-touch: Disabled
 Parallel Workers: 8
 Concurrent Workers: 2
 Concurrent Refinement Workers: 8
 Periodic GC: Disabled
Heap:
 garbage-first heap   total 1097728K, used 553938K [0x0000000583000000, 0x0000000800000000)
  region size 8192K, 5 young (40960K), 3 survivors (24576K)
 Metaspace       used 99653K, committed 100288K, reserved 1138688K
  class space    used 13317K, committed 13632K, reserved 1048576K
GC Heap History (20 events):
Event: 92.891 GC heap before
{Heap before GC invocations=27 (full 0):
 garbage-first heap   total 278528K, used 200607K [0x0000000583000000, 0x0000000800000000)
  region size 8192K, 3 young (24576K), 1 survivors (8192K)
 Metaspace       used 96179K, committed 96768K, reserved 1138688K
  class space    used 13027K, committed 13312K, reserved 1048576K
}
Event: 92.906 GC heap after
{Heap after GC invocations=28 (full 0):
 garbage-first heap   total 278528K, used 197653K [0x0000000583000000, 0x0000000800000000)
  region size 8192K, 1 young (8192K), 1 survivors (8192K)
 Metaspace       used 96179K, committed 96768K, reserved 1138688K
  class space    used 13027K, committed 13312K, reserved 1048576K
}
Event: 92.997 GC heap before
{Heap before GC invocations=28 (full 0):
 garbage-first heap   total 278528K, used 205845K [0x0000000583000000, 0x0000000800000000)
  region size 8192K, 2 young (16384K), 1 survivors (8192K)
 Metaspace       used 96182K, committed 96768K, reserved 1138688K
  class space    used 13027K, committed 13312K, reserved 1048576K
}
Event: 93.009 GC heap after
{Heap after GC invocations=29 (full 0):
 garbage-first heap   total 483328K, used 205547K [0x0000000583000000, 0x0000000800000000)
  region size 8192K, 1 young (8192K), 1 survivors (8192K)
 Metaspace       used 96182K, committed 96768K, reserved 1138688K
  class space    used 13027K, committed 13312K, reserved 1048576K
}
Event: 93.516 GC heap before
{Heap before GC invocations=30 (full 0):
 garbage-first heap   total 483328K, used 287467K [0x0000000583000000, 0x0000000800000000)
  region size 8192K, 11 young (90112K), 1 survivors (8192K)
 Metaspace       used 96187K, committed 96768K, reserved 1138688K
  class space    used 13030K, committed 13312K, reserved 1048576K
}
Event: 93.557 GC heap after
{Heap after GC invocations=31 (full 0):
 garbage-first heap   total 483328K, used 264633K [0x0000000583000000, 0x0000000800000000)
  region size 8192K, 2 young (16384K), 2 survivors (16384K)
 Metaspace       used 96187K, committed 96768K, reserved 1138688K
  class space    used 13030K, committed 13312K, reserved 1048576K
}
Event: 94.187 GC heap before
{Heap before GC invocations=31 (full 0):
 garbage-first heap   total 483328K, used 321977K [0x0000000583000000, 0x0000000800000000)
  region size 8192K, 9 young (73728K), 2 survivors (16384K)
 Metaspace       used 96693K, committed 97344K, reserved 1138688K
  class space    used 13080K, committed 13376K, reserved 1048576K
}
Event: 94.227 GC heap after
{Heap after GC invocations=32 (full 0):
 garbage-first heap   total 483328K, used 284545K [0x0000000583000000, 0x0000000800000000)
  region size 8192K, 2 young (16384K), 2 survivors (16384K)
 Metaspace       used 96693K, committed 97344K, reserved 1138688K
  class space    used 13080K, committed 13376K, reserved 1048576K
}
Event: 94.633 GC heap before
{Heap before GC invocations=32 (full 0):
 garbage-first heap   total 548864K, used 333697K [0x0000000583000000, 0x0000000800000000)
  region size 8192K, 8 young (65536K), 2 survivors (16384K)
 Metaspace       used 96695K, committed 97344K, reserved 1138688K
  class space    used 13080K, committed 13376K, reserved 1048576K
}
Event: 94.682 GC heap after
{Heap after GC invocations=33 (full 0):
 garbage-first heap   total 548864K, used 298666K [0x0000000583000000, 0x0000000800000000)
  region size 8192K, 1 young (8192K), 1 survivors (8192K)
 Metaspace       used 96695K, committed 97344K, reserved 1138688K
  class space    used 13080K, committed 13376K, reserved 1048576K
}
Event: 95.020 GC heap before
{Heap before GC invocations=34 (full 0):
 garbage-first heap   total 548864K, used 372394K [0x0000000583000000, 0x0000000800000000)
  region size 8192K, 10 young (81920K), 1 survivors (8192K)
 Metaspace       used 96701K, committed 97344K, reserved 1138688K
  class space    used 13081K, committed 13376K, reserved 1048576K
}
Event: 95.061 GC heap after
{Heap after GC invocations=35 (full 0):
 garbage-first heap   total 548864K, used 321449K [0x0000000583000000, 0x0000000800000000)
  region size 8192K, 2 young (16384K), 2 survivors (16384K)
 Metaspace       used 96701K, committed 97344K, reserved 1138688K
  class space    used 13081K, committed 13376K, reserved 1048576K
}
Event: 95.389 GC heap before
{Heap before GC invocations=35 (full 0):
 garbage-first heap   total 548864K, used 386985K [0x0000000583000000, 0x0000000800000000)
  region size 8192K, 10 young (81920K), 2 survivors (16384K)
 Metaspace       used 96887K, committed 97536K, reserved 1138688K
  class space    used 13117K, committed 13440K, reserved 1048576K
}
Event: 95.441 GC heap after
{Heap after GC invocations=36 (full 0):
 garbage-first heap   total 548864K, used 356967K [0x0000000583000000, 0x0000000800000000)
  region size 8192K, 2 young (16384K), 2 survivors (16384K)
 Metaspace       used 96887K, committed 97536K, reserved 1138688K
  class space    used 13117K, committed 13440K, reserved 1048576K
}
Event: 95.778 GC heap before
{Heap before GC invocations=36 (full 0):
 garbage-first heap   total 548864K, used 406119K [0x0000000583000000, 0x0000000800000000)
  region size 8192K, 8 young (65536K), 2 survivors (16384K)
 Metaspace       used 96887K, committed 97536K, reserved 1138688K
  class space    used 13117K, committed 13440K, reserved 1048576K
}
Event: 95.828 GC heap after
{Heap after GC invocations=37 (full 0):
 garbage-first heap   total 1097728K, used 395742K [0x0000000583000000, 0x0000000800000000)
  region size 8192K, 1 young (8192K), 1 survivors (8192K)
 Metaspace       used 96887K, committed 97536K, reserved 1138688K
  class space    used 13117K, committed 13440K, reserved 1048576K
}
Event: 97.172 GC heap before
{Heap before GC invocations=38 (full 0):
 garbage-first heap   total 1097728K, used 666078K [0x0000000583000000, 0x0000000800000000)
  region size 8192K, 34 young (278528K), 1 survivors (8192K)
 Metaspace       used 96894K, committed 97536K, reserved 1138688K
  class space    used 13117K, committed 13440K, reserved 1048576K
}
Event: 97.275 GC heap after
{Heap after GC invocations=39 (full 0):
 garbage-first heap   total 1097728K, used 513814K [0x0000000583000000, 0x0000000800000000)
  region size 8192K, 5 young (40960K), 5 survivors (40960K)
 Metaspace       used 96894K, committed 97536K, reserved 1138688K
  class space    used 13117K, committed 13440K, reserved 1048576K
}
Event: 1071.757 GC heap before
{Heap before GC invocations=39 (full 0):
 garbage-first heap   total 1097728K, used 726806K [0x0000000583000000, 0x0000000800000000)
  region size 8192K, 31 young (253952K), 5 survivors (40960K)
 Metaspace       used 99489K, committed 100160K, reserved 1138688K
  class space    used 13317K, committed 13632K, reserved 1048576K
}
Event: 1071.848 GC heap after
{Heap after GC invocations=40 (full 0):
 garbage-first heap   total 1097728K, used 545746K [0x0000000583000000, 0x0000000800000000)
  region size 8192K, 3 young (24576K), 3 survivors (24576K)
 Metaspace       used 99489K, committed 100160K, reserved 1138688K
  class space    used 13317K, committed 13632K, reserved 1048576K
}

