# JRE version: Java(TM) SE Runtime Environment (17.0+35) (build 17+35-LTS-2724)
# Java VM: Java HotSpot(TM) 64-Bit Server VM (17+35-LTS-2724, mixed mode, sharing, tiered, compressed oops, compressed class ptrs, g1 gc, windows-amd64)
GC Precious Log:
 CPUs: 8 total, 8 available
 Memory: 40743M
 Large Page Support: Disabled
 NUMA Support: Disabled
 Compressed Oops: Enabled (Zero based)
 Heap Region Size: 8M
 Heap Min Capacity: 8M
 Heap Initial Capacity: 640M
 Heap Max Capacity: 10192M
 Pre-touch: Disabled
 Parallel Workers: 8
 Concurrent Workers: 2
 Concurrent Refinement Workers: 8
 Periodic GC: Disabled
Heap:
 garbage-first heap   total 139264K, used 67696K [0x0000000583000000, 0x0000000800000000)
  region size 8192K, 7 young (57344K), 1 survivors (8192K)
 Metaspace       used 51783K, committed 52352K, reserved 1097728K
  class space    used 6846K, committed 7104K, reserved 1048576K
GC Heap History (20 events):
Event: 1.032 GC heap before
{Heap before GC invocations=0 (full 0):
 garbage-first heap   total 655360K, used 32768K [0x0000000583000000, 0x0000000800000000)
  region size 8192K, 4 young (32768K), 0 survivors (0K)
 Metaspace       used 4537K, committed 4672K, reserved 1056768K
  class space    used 516K, committed 576K, reserved 1048576K
}
Event: 1.039 GC heap after
{Heap after GC invocations=1 (full 0):
 garbage-first heap   total 655360K, used 7475K [0x0000000583000000, 0x0000000800000000)
  region size 8192K, 1 young (8192K), 1 survivors (8192K)
 Metaspace       used 4537K, committed 4672K, reserved 1056768K
  class space    used 516K, committed 576K, reserved 1048576K
}
Event: 1.389 GC heap before
{Heap before GC invocations=1 (full 0):
 garbage-first heap   total 655360K, used 32051K [0x0000000583000000, 0x0000000800000000)
  region size 8192K, 4 young (32768K), 1 survivors (8192K)
 Metaspace       used 6255K, committed 6464K, reserved 1056768K
  class space    used 741K, committed 832K, reserved 1048576K
}
Event: 1.393 GC heap after
{Heap after GC invocations=2 (full 0):
 garbage-first heap   total 655360K, used 7679K [0x0000000583000000, 0x0000000800000000)
  region size 8192K, 1 young (8192K), 1 survivors (8192K)
 Metaspace       used 6255K, committed 6464K, reserved 1056768K
  class space    used 741K, committed 832K, reserved 1048576K
}
Event: 4.014 GC heap before
{Heap before GC invocations=2 (full 0):
 garbage-first heap   total 655360K, used 81407K [0x0000000583000000, 0x0000000800000000)
  region size 8192K, 11 young (90112K), 1 survivors (8192K)
 Metaspace       used 21284K, committed 21504K, reserved 1073152K
  class space    used 2784K, committed 2880K, reserved 1048576K
}
Event: 4.020 GC heap after
{Heap after GC invocations=3 (full 0):
 garbage-first heap   total 655360K, used 11334K [0x0000000583000000, 0x0000000800000000)
  region size 8192K, 1 young (8192K), 1 survivors (8192K)
 Metaspace       used 21284K, committed 21504K, reserved 1073152K
  class space    used 2784K, committed 2880K, reserved 1048576K
}
Event: 4.966 GC heap before
{Heap before GC invocations=4 (full 0):
 garbage-first heap   total 81920K, used 52294K [0x0000000583000000, 0x0000000800000000)
  region size 8192K, 6 young (49152K), 1 survivors (8192K)
 Metaspace       used 23424K, committed 23680K, reserved 1073152K
  class space    used 3009K, committed 3136K, reserved 1048576K
}
Event: 4.976 GC heap after
{Heap after GC invocations=5 (full 0):
 garbage-first heap   total 81920K, used 14670K [0x0000000583000000, 0x0000000800000000)
  region size 8192K, 1 young (8192K), 1 survivors (8192K)
 Metaspace       used 23424K, committed 23680K, reserved 1073152K
  class space    used 3009K, committed 3136K, reserved 1048576K
}
Event: 5.155 GC heap before
{Heap before GC invocations=5 (full 0):
 garbage-first heap   total 81920K, used 22862K [0x0000000583000000, 0x0000000800000000)
  region size 8192K, 2 young (16384K), 1 survivors (8192K)
 Metaspace       used 24207K, committed 24448K, reserved 1073152K
  class space    used 3119K, committed 3264K, reserved 1048576K
}
Event: 5.166 GC heap after
{Heap after GC invocations=6 (full 0):
 garbage-first heap   total 81920K, used 14385K [0x0000000583000000, 0x0000000800000000)
  region size 8192K, 1 young (8192K), 1 survivors (8192K)
 Metaspace       used 24207K, committed 24448K, reserved 1073152K
  class space    used 3119K, committed 3264K, reserved 1048576K
}
Event: 6.153 GC heap before
{Heap before GC invocations=6 (full 0):
 garbage-first heap   total 81920K, used 47153K [0x0000000583000000, 0x0000000800000000)
  region size 8192K, 5 young (40960K), 1 survivors (8192K)
 Metaspace       used 28139K, committed 28480K, reserved 1081344K
  class space    used 3675K, committed 3840K, reserved 1048576K
}
Event: 6.159 GC heap after
{Heap after GC invocations=7 (full 0):
 garbage-first heap   total 368640K, used 16361K [0x0000000583000000, 0x0000000800000000)
  region size 8192K, 1 young (8192K), 1 survivors (8192K)
 Metaspace       used 28139K, committed 28480K, reserved 1081344K
  class space    used 3675K, committed 3840K, reserved 1048576K
}
Event: 8.576 GC heap before
{Heap before GC invocations=7 (full 0):
 garbage-first heap   total 368640K, used 65513K [0x0000000583000000, 0x0000000800000000)
  region size 8192K, 8 young (65536K), 1 survivors (8192K)
 Metaspace       used 35749K, committed 36096K, reserved 1081344K
  class space    used 4741K, committed 4928K, reserved 1048576K
}
Event: 8.584 GC heap after
{Heap after GC invocations=8 (full 0):
 garbage-first heap   total 368640K, used 20084K [0x0000000583000000, 0x0000000800000000)
  region size 8192K, 2 young (16384K), 2 survivors (16384K)
 Metaspace       used 35749K, committed 36096K, reserved 1081344K
  class space    used 4741K, committed 4928K, reserved 1048576K
}
Event: 12.992 GC heap before
{Heap before GC invocations=9 (full 0):
 garbage-first heap   total 139264K, used 85620K [0x0000000583000000, 0x0000000800000000)
  region size 8192K, 10 young (81920K), 2 survivors (16384K)
 Metaspace       used 45634K, committed 46144K, reserved 1089536K
  class space    used 6195K, committed 6464K, reserved 1048576K
}
Event: 13.006 GC heap after
{Heap after GC invocations=10 (full 0):
 garbage-first heap   total 139264K, used 25329K [0x0000000583000000, 0x0000000800000000)
  region size 8192K, 2 young (16384K), 2 survivors (16384K)
 Metaspace       used 45634K, committed 46144K, reserved 1089536K
  class space    used 6195K, committed 6464K, reserved 1048576K
}
Event: 13.503 GC heap before
{Heap before GC invocations=10 (full 0):
 garbage-first heap   total 139264K, used 33521K [0x0000000583000000, 0x0000000800000000)
  region size 8192K, 3 young (24576K), 2 survivors (16384K)
 Metaspace       used 47619K, committed 48128K, reserved 1097728K
  class space    used 6437K, committed 6656K, reserved 1048576K
}
Event: 13.520 GC heap after
{Heap after GC invocations=11 (full 0):
 garbage-first heap   total 139264K, used 27189K [0x0000000583000000, 0x0000000800000000)
  region size 8192K, 1 young (8192K), 1 survivors (8192K)
 Metaspace       used 47619K, committed 48128K, reserved 1097728K
  class space    used 6437K, committed 6656K, reserved 1048576K
}
Event: 1333.515 GC heap before
{Heap before GC invocations=11 (full 0):
 garbage-first heap   total 139264K, used 92725K [0x0000000583000000, 0x0000000800000000)
  region size 8192K, 9 young (73728K), 1 survivors (8192K)
 Metaspace       used 51438K, committed 51968K, reserved 1097728K
  class space    used 6843K, committed 7104K, reserved 1048576K
}
Event: 1333.544 GC heap after
{Heap after GC invocations=12 (full 0):
 garbage-first heap   total 139264K, used 26736K [0x0000000583000000, 0x0000000800000000)
  region size 8192K, 1 young (8192K), 1 survivors (8192K)
 Metaspace       used 51438K, committed 51968K, reserved 1097728K
  class space    used 6843K, committed 7104K, reserved 1048576K
}

