# JRE version: Java(TM) SE Runtime Environment (17.0+35) (build 17+35-LTS-2724)
# Java VM: Java HotSpot(TM) 64-Bit Server VM (17+35-LTS-2724, mixed mode, sharing, tiered, compressed oops, compressed class ptrs, g1 gc, windows-amd64)
GC Precious Log:
 CPUs: 8 total, 8 available
 Memory: 40743M
 Large Page Support: Disabled
 NUMA Support: Disabled
 Compressed Oops: Enabled (Zero based)
 Heap Region Size: 8M
 Heap Min Capacity: 8M
 Heap Initial Capacity: 640M
 Heap Max Capacity: 10192M
 Pre-touch: Disabled
 Parallel Workers: 8
 Concurrent Workers: 2
 Concurrent Refinement Workers: 8
 Periodic GC: Disabled
Heap:
 garbage-first heap   total 139264K, used 58730K [0x0000000583000000, 0x0000000800000000)
  region size 8192K, 5 young (40960K), 1 survivors (8192K)
 Metaspace       used 59181K, committed 59840K, reserved 1105920K
  class space    used 7695K, committed 8000K, reserved 1048576K
GC Heap History (20 events):
Event: 55.803 GC heap before
{Heap before GC invocations=12 (full 0):
 garbage-first heap   total 139264K, used 97797K [0x0000000583000000, 0x0000000800000000)
  region size 8192K, 9 young (73728K), 1 survivors (8192K)
 Metaspace       used 57594K, committed 58240K, reserved 1105920K
  class space    used 7650K, committed 7936K, reserved 1048576K
}
Event: 55.808 GC heap after
{Heap after GC invocations=13 (full 0):
 garbage-first heap   total 139264K, used 35543K [0x0000000583000000, 0x0000000800000000)
  region size 8192K, 1 young (8192K), 1 survivors (8192K)
 Metaspace       used 57594K, committed 58240K, reserved 1105920K
  class space    used 7650K, committed 7936K, reserved 1048576K
}
Event: 157.060 GC heap before
{Heap before GC invocations=14 (full 0):
 garbage-first heap   total 139264K, used 101079K [0x0000000583000000, 0x0000000800000000)
  region size 8192K, 9 young (73728K), 1 survivors (8192K)
 Metaspace       used 58288K, committed 58944K, reserved 1105920K
  class space    used 7684K, committed 8000K, reserved 1048576K
}
Event: 157.065 GC heap after
{Heap after GC invocations=15 (full 0):
 garbage-first heap   total 139264K, used 35723K [0x0000000583000000, 0x0000000800000000)
  region size 8192K, 1 young (8192K), 1 survivors (8192K)
 Metaspace       used 58288K, committed 58944K, reserved 1105920K
  class space    used 7684K, committed 8000K, reserved 1048576K
}
Event: 171.634 GC heap before
{Heap before GC invocations=15 (full 0):
 garbage-first heap   total 139264K, used 35723K [0x0000000583000000, 0x0000000800000000)
  region size 8192K, 2 young (16384K), 1 survivors (8192K)
 Metaspace       used 58329K, committed 58944K, reserved 1105920K
  class space    used 7684K, committed 8000K, reserved 1048576K
}
Event: 171.655 GC heap after
{Heap after GC invocations=16 (full 0):
 garbage-first heap   total 139264K, used 34836K [0x0000000583000000, 0x0000000800000000)
  region size 8192K, 1 young (8192K), 1 survivors (8192K)
 Metaspace       used 58329K, committed 58944K, reserved 1105920K
  class space    used 7684K, committed 8000K, reserved 1048576K
}
Event: 271.063 GC heap before
{Heap before GC invocations=16 (full 0):
 garbage-first heap   total 139264K, used 92180K [0x0000000583000000, 0x0000000800000000)
  region size 8192K, 8 young (65536K), 1 survivors (8192K)
 Metaspace       used 58584K, committed 59200K, reserved 1105920K
  class space    used 7689K, committed 8000K, reserved 1048576K
}
Event: 271.065 GC heap after
{Heap after GC invocations=17 (full 0):
 garbage-first heap   total 139264K, used 34243K [0x0000000583000000, 0x0000000800000000)
  region size 8192K, 1 young (8192K), 1 survivors (8192K)
 Metaspace       used 58584K, committed 59200K, reserved 1105920K
  class space    used 7689K, committed 8000K, reserved 1048576K
}
Event: 372.902 GC heap before
{Heap before GC invocations=17 (full 0):
 garbage-first heap   total 139264K, used 83395K [0x0000000583000000, 0x0000000800000000)
  region size 8192K, 8 young (65536K), 1 survivors (8192K)
 Metaspace       used 58678K, committed 59328K, reserved 1105920K
  class space    used 7689K, committed 8000K, reserved 1048576K
}
Event: 372.904 GC heap after
{Heap after GC invocations=18 (full 0):
 garbage-first heap   total 139264K, used 34119K [0x0000000583000000, 0x0000000800000000)
  region size 8192K, 1 young (8192K), 1 survivors (8192K)
 Metaspace       used 58678K, committed 59328K, reserved 1105920K
  class space    used 7689K, committed 8000K, reserved 1048576K
}
Event: 492.214 GC heap before
{Heap before GC invocations=18 (full 0):
 garbage-first heap   total 139264K, used 99655K [0x0000000583000000, 0x0000000800000000)
  region size 8192K, 9 young (73728K), 1 survivors (8192K)
 Metaspace       used 58839K, committed 59520K, reserved 1105920K
  class space    used 7689K, committed 8000K, reserved 1048576K
}
Event: 492.216 GC heap after
{Heap after GC invocations=19 (full 0):
 garbage-first heap   total 139264K, used 34129K [0x0000000583000000, 0x0000000800000000)
  region size 8192K, 1 young (8192K), 1 survivors (8192K)
 Metaspace       used 58839K, committed 59520K, reserved 1105920K
  class space    used 7689K, committed 8000K, reserved 1048576K
}
Event: 613.644 GC heap before
{Heap before GC invocations=20 (full 0):
 garbage-first heap   total 139264K, used 99665K [0x0000000583000000, 0x0000000800000000)
  region size 8192K, 9 young (73728K), 1 survivors (8192K)
 Metaspace       used 58895K, committed 59520K, reserved 1105920K
  class space    used 7689K, committed 8000K, reserved 1048576K
}
Event: 613.646 GC heap after
{Heap after GC invocations=21 (full 0):
 garbage-first heap   total 139264K, used 34124K [0x0000000583000000, 0x0000000800000000)
  region size 8192K, 1 young (8192K), 1 survivors (8192K)
 Metaspace       used 58895K, committed 59520K, reserved 1105920K
  class space    used 7689K, committed 8000K, reserved 1048576K
}
Event: 735.348 GC heap before
{Heap before GC invocations=21 (full 0):
 garbage-first heap   total 139264K, used 99660K [0x0000000583000000, 0x0000000800000000)
  region size 8192K, 9 young (73728K), 1 survivors (8192K)
 Metaspace       used 58987K, committed 59584K, reserved 1105920K
  class space    used 7692K, committed 8000K, reserved 1048576K
}
Event: 735.350 GC heap after
{Heap after GC invocations=22 (full 0):
 garbage-first heap   total 139264K, used 34124K [0x0000000583000000, 0x0000000800000000)
  region size 8192K, 1 young (8192K), 1 survivors (8192K)
 Metaspace       used 58987K, committed 59584K, reserved 1105920K
  class space    used 7692K, committed 8000K, reserved 1048576K
}
Event: 858.077 GC heap before
{Heap before GC invocations=23 (full 0):
 garbage-first heap   total 139264K, used 99660K [0x0000000583000000, 0x0000000800000000)
  region size 8192K, 9 young (73728K), 1 survivors (8192K)
 Metaspace       used 59050K, committed 59648K, reserved 1105920K
  class space    used 7694K, committed 8000K, reserved 1048576K
}
Event: 858.079 GC heap after
{Heap after GC invocations=24 (full 0):
 garbage-first heap   total 139264K, used 34155K [0x0000000583000000, 0x0000000800000000)
  region size 8192K, 1 young (8192K), 1 survivors (8192K)
 Metaspace       used 59050K, committed 59648K, reserved 1105920K
  class space    used 7694K, committed 8000K, reserved 1048576K
}
Event: 981.641 GC heap before
{Heap before GC invocations=24 (full 0):
 garbage-first heap   total 139264K, used 99691K [0x0000000583000000, 0x0000000800000000)
  region size 8192K, 9 young (73728K), 1 survivors (8192K)
 Metaspace       used 59116K, committed 59712K, reserved 1105920K
  class space    used 7695K, committed 8000K, reserved 1048576K
}
Event: 981.643 GC heap after
{Heap after GC invocations=25 (full 0):
 garbage-first heap   total 139264K, used 34154K [0x0000000583000000, 0x0000000800000000)
  region size 8192K, 1 young (8192K), 1 survivors (8192K)
 Metaspace       used 59116K, committed 59712K, reserved 1105920K
  class space    used 7695K, committed 8000K, reserved 1048576K
}

